@storybook/cli v7.0.17

info => Cleaning outputDir: /var/folders/fl/_h2jzy8j4n55g9bt82_228p00000gn/T/chromatic--5687-KmtQ3eyCoKEc
info => Loading presets
info => Building manager..
info => Manager built (96 ms)
info => Copying static files: /Users/loboarkano/Documents/Training/React Advance/my-storybook/node_modules/@storybook/manager/static at /var/folders/fl/_h2jzy8j4n55g9bt82_228p00000gn/T/chromatic--5687-KmtQ3eyCoKEc/sb-common-assets
vite v4.3.8 building for production...

./sb-common-assets/fonts.css doesn't exist at build time, it will remain unchanged to be resolved at runtime
transforming...
Use of eval in "node_modules/telejson/dist/index.mjs" is strongly discouraged as it poses security risks and may cause issues with minification.
Use of eval in "node_modules/telejson/dist/index.mjs" is strongly discouraged as it poses security risks and may cause issues with minification.
✓ 1373 modules transformed.
rendering chunks...
computing gzip size...
../../../../../../var/folders/fl/_h2jzy8j4n55g9bt82_228p00000gn/T/chromatic--5687-KmtQ3eyCoKEc/assets/direction-94a9917f.svg                         1.28 kB │ gzip:   0.71 kB
../../../../../../var/folders/fl/_h2jzy8j4n55g9bt82_228p00000gn/T/chromatic--5687-KmtQ3eyCoKEc/assets/flow-275142c6.svg                              1.39 kB │ gzip:   0.68 kB
../../../../../../var/folders/fl/_h2jzy8j4n55g9bt82_228p00000gn/T/chromatic--5687-KmtQ3eyCoKEc/assets/code-brackets-9ef6443e.svg                     1.46 kB │ gzip:   0.69 kB
../../../../../../var/folders/fl/_h2jzy8j4n55g9bt82_228p00000gn/T/chromatic--5687-KmtQ3eyCoKEc/assets/comments-f15a6837.svg                          1.53 kB │ gzip:   0.70 kB
../../../../../../var/folders/fl/_h2jzy8j4n55g9bt82_228p00000gn/T/chromatic--5687-KmtQ3eyCoKEc/assets/repo-fb4ece47.svg                              1.64 kB │ gzip:   0.83 kB
../../../../../../var/folders/fl/_h2jzy8j4n55g9bt82_228p00000gn/T/chromatic--5687-KmtQ3eyCoKEc/assets/plugin-57148314.svg                            2.17 kB │ gzip:   0.98 kB
../../../../../../var/folders/fl/_h2jzy8j4n55g9bt82_228p00000gn/T/chromatic--5687-KmtQ3eyCoKEc/assets/stackalt-2ad81543.svg                          2.55 kB │ gzip:   1.09 kB
../../../../../../var/folders/fl/_h2jzy8j4n55g9bt82_228p00000gn/T/chromatic--5687-KmtQ3eyCoKEc/assets/colors-ac9401f3.svg                            8.51 kB │ gzip:   3.61 kB
../../../../../../var/folders/fl/_h2jzy8j4n55g9bt82_228p00000gn/T/chromatic--5687-KmtQ3eyCoKEc/iframe.html                                          12.70 kB │ gzip:   3.57 kB
../../../../../../var/folders/fl/_h2jzy8j4n55g9bt82_228p00000gn/T/chromatic--5687-KmtQ3eyCoKEc/assets/MyLabel.stories-1ad6a616.css                   0.26 kB │ gzip:   0.18 kB
../../../../../../var/folders/fl/_h2jzy8j4n55g9bt82_228p00000gn/T/chromatic--5687-KmtQ3eyCoKEc/assets/Header-a6911580.css                            0.51 kB │ gzip:   0.31 kB
../../../../../../var/folders/fl/_h2jzy8j4n55g9bt82_228p00000gn/T/chromatic--5687-KmtQ3eyCoKEc/assets/Button-bc1a867b.css                            0.52 kB │ gzip:   0.29 kB
../../../../../../var/folders/fl/_h2jzy8j4n55g9bt82_228p00000gn/T/chromatic--5687-KmtQ3eyCoKEc/assets/Page.stories-ece1482a.css                      0.93 kB │ gzip:   0.39 kB
../../../../../../var/folders/fl/_h2jzy8j4n55g9bt82_228p00000gn/T/chromatic--5687-KmtQ3eyCoKEc/assets/preview-1e5c59db.js                            0.19 kB │ gzip:   0.19 kB │ map:     0.64 kB
../../../../../../var/folders/fl/_h2jzy8j4n55g9bt82_228p00000gn/T/chromatic--5687-KmtQ3eyCoKEc/assets/index-d475d2ea.js                              0.21 kB │ gzip:   0.17 kB │ map:     0.85 kB
../../../../../../var/folders/fl/_h2jzy8j4n55g9bt82_228p00000gn/T/chromatic--5687-KmtQ3eyCoKEc/assets/index-186b3228.js                              0.25 kB │ gzip:   0.20 kB │ map:     0.10 kB
../../../../../../var/folders/fl/_h2jzy8j4n55g9bt82_228p00000gn/T/chromatic--5687-KmtQ3eyCoKEc/assets/WithTooltip-FBT32F6Q-6101d356.js               0.42 kB │ gzip:   0.26 kB │ map:     0.11 kB
../../../../../../var/folders/fl/_h2jzy8j4n55g9bt82_228p00000gn/T/chromatic--5687-KmtQ3eyCoKEc/assets/syntaxhighlighter-QTQ2UBB4-ce295fa2.js         0.44 kB │ gzip:   0.28 kB │ map:     0.12 kB
../../../../../../var/folders/fl/_h2jzy8j4n55g9bt82_228p00000gn/T/chromatic--5687-KmtQ3eyCoKEc/assets/index-1d576ef5.js                              0.53 kB │ gzip:   0.34 kB │ map:     4.31 kB
../../../../../../var/folders/fl/_h2jzy8j4n55g9bt82_228p00000gn/T/chromatic--5687-KmtQ3eyCoKEc/assets/preview-1516ef72.js                            0.54 kB │ gzip:   0.33 kB │ map:     0.58 kB
../../../../../../var/folders/fl/_h2jzy8j4n55g9bt82_228p00000gn/T/chromatic--5687-KmtQ3eyCoKEc/assets/react-18-f58e807b.js                           0.59 kB │ gzip:   0.38 kB │ map:     2.67 kB
../../../../../../var/folders/fl/_h2jzy8j4n55g9bt82_228p00000gn/T/chromatic--5687-KmtQ3eyCoKEc/assets/preview-5ef354f3.js                            0.69 kB │ gzip:   0.49 kB │ map:     3.96 kB
../../../../../../var/folders/fl/_h2jzy8j4n55g9bt82_228p00000gn/T/chromatic--5687-KmtQ3eyCoKEc/assets/_commonjsHelpers-042e6b4d.js                   0.78 kB │ gzip:   0.44 kB │ map:     0.11 kB
../../../../../../var/folders/fl/_h2jzy8j4n55g9bt82_228p00000gn/T/chromatic--5687-KmtQ3eyCoKEc/assets/index-356e4a49.js                              0.81 kB │ gzip:   0.51 kB │ map:     3.28 kB
../../../../../../var/folders/fl/_h2jzy8j4n55g9bt82_228p00000gn/T/chromatic--5687-KmtQ3eyCoKEc/assets/preview-b1164a2e.js                            0.88 kB │ gzip:   0.58 kB │ map:     2.93 kB
../../../../../../var/folders/fl/_h2jzy8j4n55g9bt82_228p00000gn/T/chromatic--5687-KmtQ3eyCoKEc/assets/Header.stories-cb4fc4b5.js                     0.89 kB │ gzip:   0.48 kB │ map:     0.11 kB
../../../../../../var/folders/fl/_h2jzy8j4n55g9bt82_228p00000gn/T/chromatic--5687-KmtQ3eyCoKEc/assets/jsx-runtime-91a467a5.js                        1.02 kB │ gzip:   0.64 kB │ map:     2.35 kB
../../../../../../var/folders/fl/_h2jzy8j4n55g9bt82_228p00000gn/T/chromatic--5687-KmtQ3eyCoKEc/assets/Button-adfefb74.js                             1.23 kB │ gzip:   0.60 kB │ map:     1.54 kB
../../../../../../var/folders/fl/_h2jzy8j4n55g9bt82_228p00000gn/T/chromatic--5687-KmtQ3eyCoKEc/assets/DocsRenderer-EYKKDMVH-59ee10a8.js              1.26 kB │ gzip:   0.68 kB │ map:     2.57 kB
../../../../../../var/folders/fl/_h2jzy8j4n55g9bt82_228p00000gn/T/chromatic--5687-KmtQ3eyCoKEc/assets/Button.stories-e490347d.js                     1.52 kB │ gzip:   0.59 kB │ map:     0.13 kB
../../../../../../var/folders/fl/_h2jzy8j4n55g9bt82_228p00000gn/T/chromatic--5687-KmtQ3eyCoKEc/assets/Header-5acc50a0.js                             1.56 kB │ gzip:   0.74 kB │ map:     2.81 kB
../../../../../../var/folders/fl/_h2jzy8j4n55g9bt82_228p00000gn/T/chromatic--5687-KmtQ3eyCoKEc/assets/preview-a60aa466.js                            2.40 kB │ gzip:   1.25 kB │ map:    11.33 kB
../../../../../../var/folders/fl/_h2jzy8j4n55g9bt82_228p00000gn/T/chromatic--5687-KmtQ3eyCoKEc/assets/index-d37d4223.js                              2.63 kB │ gzip:   1.30 kB │ map:     7.49 kB
../../../../../../var/folders/fl/_h2jzy8j4n55g9bt82_228p00000gn/T/chromatic--5687-KmtQ3eyCoKEc/assets/preview-770cc08b.js                            3.22 kB │ gzip:   1.39 kB │ map:    10.08 kB
../../../../../../var/folders/fl/_h2jzy8j4n55g9bt82_228p00000gn/T/chromatic--5687-KmtQ3eyCoKEc/assets/MyLabel.stories-f72bffd1.js                    3.51 kB │ gzip:   1.17 kB │ map:     1.54 kB
../../../../../../var/folders/fl/_h2jzy8j4n55g9bt82_228p00000gn/T/chromatic--5687-KmtQ3eyCoKEc/assets/iframe-c85ea14e.js                             5.26 kB │ gzip:   1.79 kB │ map:     5.95 kB
../../../../../../var/folders/fl/_h2jzy8j4n55g9bt82_228p00000gn/T/chromatic--5687-KmtQ3eyCoKEc/assets/Introduction-f8c74353.js                       6.65 kB │ gzip:   2.21 kB │ map:    11.73 kB
../../../../../../var/folders/fl/_h2jzy8j4n55g9bt82_228p00000gn/T/chromatic--5687-KmtQ3eyCoKEc/assets/index-8db94870.js                              7.21 kB │ gzip:   2.95 kB │ map:    15.74 kB
../../../../../../var/folders/fl/_h2jzy8j4n55g9bt82_228p00000gn/T/chromatic--5687-KmtQ3eyCoKEc/assets/preview-d8c963a4.js                            7.67 kB │ gzip:   1.60 kB │ map:    13.75 kB
../../../../../../var/folders/fl/_h2jzy8j4n55g9bt82_228p00000gn/T/chromatic--5687-KmtQ3eyCoKEc/assets/preview-2cd4e1a1.js                            8.00 kB │ gzip:   3.04 kB │ map:    28.15 kB
../../../../../../var/folders/fl/_h2jzy8j4n55g9bt82_228p00000gn/T/chromatic--5687-KmtQ3eyCoKEc/assets/index-3639c647.js                             10.06 kB │ gzip:   3.66 kB │ map:    26.63 kB
../../../../../../var/folders/fl/_h2jzy8j4n55g9bt82_228p00000gn/T/chromatic--5687-KmtQ3eyCoKEc/assets/GlobalScrollAreaStyles-XIHNDKUY-bdb3e73d.js   10.40 kB │ gzip:   2.34 kB │ map:    15.75 kB
../../../../../../var/folders/fl/_h2jzy8j4n55g9bt82_228p00000gn/T/chromatic--5687-KmtQ3eyCoKEc/assets/preview-bc596eab.js                           11.13 kB │ gzip:   3.76 kB │ map:    41.81 kB
../../../../../../var/folders/fl/_h2jzy8j4n55g9bt82_228p00000gn/T/chromatic--5687-KmtQ3eyCoKEc/assets/Color-3YIJY6X7-a1dac6cd.js                    31.03 kB │ gzip:  11.64 kB │ map:   112.85 kB
../../../../../../var/folders/fl/_h2jzy8j4n55g9bt82_228p00000gn/T/chromatic--5687-KmtQ3eyCoKEc/assets/OverlayScrollbars-VAV6LJAB-42d6f971.js        58.97 kB │ gzip:  25.28 kB │ map:   277.48 kB
../../../../../../var/folders/fl/_h2jzy8j4n55g9bt82_228p00000gn/T/chromatic--5687-KmtQ3eyCoKEc/assets/index-80ae7d84.js                            212.55 kB │ gzip:  66.46 kB │ map:   654.20 kB
../../../../../../var/folders/fl/_h2jzy8j4n55g9bt82_228p00000gn/T/chromatic--5687-KmtQ3eyCoKEc/assets/config-db0a6a2e.js                           213.98 kB │ gzip:  66.66 kB │ map:   805.77 kB
../../../../../../var/folders/fl/_h2jzy8j4n55g9bt82_228p00000gn/T/chromatic--5687-KmtQ3eyCoKEc/assets/Page.stories-36ed75a5.js                     272.94 kB │ gzip:  65.81 kB │ map:   982.28 kB
../../../../../../var/folders/fl/_h2jzy8j4n55g9bt82_228p00000gn/T/chromatic--5687-KmtQ3eyCoKEc/assets/index-1ec0d375.js                            502.73 kB │ gzip: 165.53 kB │ map: 1,442.22 kB
../../../../../../var/folders/fl/_h2jzy8j4n55g9bt82_228p00000gn/T/chromatic--5687-KmtQ3eyCoKEc/assets/formatter-S4K5WUZV-35bbe6a5.js               601.61 kB │ gzip: 185.05 kB │ map: 1,314.30 kB

(!) Some chunks are larger than 500 kBs after minification. Consider:
- Using dynamic import() to code-split the application
- Use build.rollupOptions.output.manualChunks to improve chunking: https://rollupjs.org/configuration-options/#output-manualchunks
- Adjust chunk size limit for this warning via build.chunkSizeWarningLimit.
✓ built in 6.34s
info => Output directory: /var/folders/fl/_h2jzy8j4n55g9bt82_228p00000gn/T/chromatic--5687-KmtQ3eyCoKEc
